<?xml version="1.0" encoding="UTF-8"?>
<testsuite xmlns:xsi="http://www.w3.org/2001/XMLSchema-instance" xsi:noNamespaceSchemaLocation="https://maven.apache.org/surefire/maven-surefire-plugin/xsd/surefire-test-report-3.0.xsd" version="3.0" name="eu.fluidos.VerifyTest" time="0.55" tests="2" errors="0" skipped="0" failures="0">
  <properties>
[...]
</properties>
  <testcase name="testVerifyWithCompatibleCandidate" classname="eu.fluidos.VerifyTest" time="0.532">
    <system-out><![CDATA[org.xml.sax.SAXParseException; schema_reference.4: Failed to read schema document 'file:/app/xsd/mspl.xsd', because 1) could not find the document; 2) the document could not be read; 3) the root element of the document is not <xsd:schema>.
]]></system-out>
  </testcase>
  <testcase name="dummyTest" classname="eu.fluidos.VerifyTest" time="0.002"/>
</testsuite>